<?xml version="1.0" encoding="UTF-8"?>
<!-- Generated by org.testng.reporters.JUnitReportReporter -->
<testsuite hostname="DESKTOP-HRT9N47" failures="0" tests="1" name="TestCase.RegisterPageTest" time="67.520" errors="0" timestamp="2024-03-05T11:33:17 IST" skipped="0">
  <testcase classname="TestCase.RegisterPageTest" name="verifyBrokenLinks" time="67.520"/>
  <system-out/>
</testsuite> <!-- TestCase.RegisterPageTest -->
