<?xml version="1.0" encoding="UTF-8"?>
<!-- Generated by org.testng.reporters.JUnitReportReporter -->
<testsuite hostname="DESKTOP-HRT9N47" failures="0" tests="1" name="TestCase.HeaderPageTestCase" time="8.083" errors="0" timestamp="2024-01-23T10:56:39 IST" skipped="0">
  <testcase classname="TestCase.HeaderPageTestCase" name="verify_Header_ElementVisibility" time="8.083"/>
  <system-out/>
</testsuite> <!-- TestCase.HeaderPageTestCase -->
