<?xml version="1.0" encoding="UTF-8"?>
<!-- Generated by org.testng.reporters.JUnitReportReporter -->
<testsuite hostname="DESKTOP-K118OT7" failures="0" tests="6" name="TestCase.HomePageTestCase" time="35.432" errors="0" timestamp="2024-05-31T10:08:34 IST" skipped="0">
  <testcase classname="TestCase.HomePageTestCase" name="verifyHomePage_ElementVisibility" time="11.554"/>
  <testcase classname="TestCase.HomePageTestCase" name="verifyProductList_FeaturedSection" time="5.715"/>
  <testcase classname="TestCase.HomePageTestCase" name="verifyMacBook_FeaturedSection" time="5.949"/>
  <testcase classname="TestCase.HomePageTestCase" name="verifyIPhone_FeaturedSection" time="4.679"/>
  <testcase classname="TestCase.HomePageTestCase" name="verifyAppleCinema30Product" time="4.326"/>
  <testcase classname="TestCase.HomePageTestCase" name="verify_CanonEOS5D_Product" time="3.209"/>
</testsuite> <!-- TestCase.HomePageTestCase -->
